<?xml version="1.0" encoding="UTF-8"?>
<!-- Generated by org.testng.reporters.JUnitReportReporter -->
<testsuite hostname="WIN-4QKRJ1AEK77" failures="0" tests="1" name="ZydaTask.ZydaAutomationTask.Purchases" time="59.611" errors="0" timestamp="2021-07-31T23:04:05 EET" skipped="0">
  <testcase classname="ZydaTask.ZydaAutomationTask.Purchases" name="Buy" time="59.611"/>
  <system-out/>
</testsuite> <!-- ZydaTask.ZydaAutomationTask.Purchases -->
