<?xml version="1.0" encoding="UTF-8"?>
<!-- Generated by org.testng.reporters.JUnitReportReporter -->
<testsuite hostname="WIN-4QKRJ1AEK77" failures="0" tests="1" name="ZydaTask.ZydaAutomationTask.CreateAnAccount" time="57.491" errors="0" timestamp="2021-07-31T15:01:43 EET" skipped="0">
  <testcase classname="ZydaTask.ZydaAutomationTask.CreateAnAccount" name="AccountCreation" time="57.491"/>
  <system-out/>
</testsuite> <!-- ZydaTask.ZydaAutomationTask.CreateAnAccount -->
